Step 25.10 — wiring LumaSpaceStateBanner into pages (fixed)
Smoke check — /lumaspace and /me/space (PORT=3000)
LumaSpace index  (http://127.0.0.1:3000/lumaspace)
HTTP/1.1 200 OK
Vary: RSC, Next-Router-State-Tree, Next-Router-Prefetch, Next-Router-Segment-Prefetch, Accept-Encoding
Cache-Control: no-store, must-revalidate
X-Powered-By: Next.js
Content-Type: text/html; charset=utf-8
Date: Mon, 10 Nov 2025 15:19:02 GMT
--- body preview ---
<!DOCTYPE html><html lang="en"><head><meta charSet="utf-8"/><meta name="viewport" content="width=device-width, initial-scale=1"/><link rel="stylesheet" href="/_next/static/css/app/layout.css?v=1762787942079" data-precede
My Space page  (http://127.0.0.1:3000/me/space)
HTTP/1.1 200 OK
Vary: RSC, Next-Router-State-Tree, Next-Router-Prefetch, Next-Router-Segment-Prefetch, Accept-Encoding
Cache-Control: no-store, must-revalidate
X-Powered-By: Next.js
Content-Type: text/html; charset=utf-8
Date: Mon, 10 Nov 2025 15:19:03 GMT
--- body preview ---
<!DOCTYPE html><html lang="en"><head><meta charSet="utf-8"/><meta name="viewport" content="width=device-width, initial-scale=1"/><link rel="stylesheet" href="/_next/static/css/app/layout.css?v=1762787943016" data-precede
Step 25.10 — done
